h:\nougat\app\nougatwin32\debug\nougatwin32.pch
h:\nougat\app\nougatwin32\debug\vc142.pdb
h:\nougat\app\nougatwin32\debug\stdafx.obj
h:\nougat\app\nougatwin32\debug\cmainwindow.obj
h:\nougat\app\nougatwin32\debug\cappstylemanager.obj
h:\nougat\app\nougatwin32\debug\main.obj
h:\nougat\app\nougatwin32\debug\moc_cmainwindow.obj
h:\nougat\app\nougatwin32\debug\moc_cmainwindow.asm
h:\nougat\app\nougatwin32\debug\moc_predefs.h
h:\nougat\app\nougatwin32\debug\nougatwin32.exe
h:\nougat\app\nougatwin32\debug\nougatwin32.ilk
h:\nougat\app\nougatwin32\debug\nougatwin32.pdb
h:\nougat\app\nougatwin32\debug\\moc\\moc_cmainwindow.cpp
h:\nougat\app\nougatwin32\debug\uic\ui_cmainwindow.h
h:\nougat\app\nougatwin32\debug\moc\moc_cmainwindow.cpp
h:\nougat\app\nougatwin32\debug\nougatwin32.res
h:\nougat\app\nougatwin32\debug\\uic\\ui_cmainwindow.h
h:\nougat\app\nougatwin32\debug\nougatwin32.tlog\cl.command.1.tlog
h:\nougat\app\nougatwin32\debug\nougatwin32.tlog\cl.read.1.tlog
h:\nougat\app\nougatwin32\debug\nougatwin32.tlog\cl.write.1.tlog
h:\nougat\app\nougatwin32\debug\nougatwin32.tlog\custombuild.command.1.tlog
h:\nougat\app\nougatwin32\debug\nougatwin32.tlog\custombuild.read.1.tlog
h:\nougat\app\nougatwin32\debug\nougatwin32.tlog\custombuild.write.1.tlog
h:\nougat\app\nougatwin32\debug\nougatwin32.tlog\link.command.1.tlog
h:\nougat\app\nougatwin32\debug\nougatwin32.tlog\link.read.1.tlog
h:\nougat\app\nougatwin32\debug\nougatwin32.tlog\link.write.1.tlog
h:\nougat\app\nougatwin32\debug\nougatwin32.tlog\moc.read.1u.tlog
h:\nougat\app\nougatwin32\debug\nougatwin32.tlog\moc.write.1u.tlog
h:\nougat\app\nougatwin32\debug\nougatwin32.tlog\nougatwin32.write.1u.tlog
h:\nougat\app\nougatwin32\debug\nougatwin32.tlog\rc.command.1.tlog
h:\nougat\app\nougatwin32\debug\nougatwin32.tlog\rc.read.1.tlog
h:\nougat\app\nougatwin32\debug\nougatwin32.tlog\rc.write.1.tlog
h:\nougat\app\nougatwin32\debug\nougatwin32.tlog\uic.read.1u.tlog
h:\nougat\app\nougatwin32\debug\nougatwin32.tlog\uic.write.1u.tlog
